<?xml version="1.0" encoding="UTF-8"?>
<!-- Generated by org.testng.reporters.JUnitXMLReporter -->
<testsuite hostname="NaveenRavi" name="HomeLoginTest(failed)" tests="1" failures="0" timestamp="26 Jun 2016 08:54:28 GMT" time="0.031" errors="0">
  <testcase name="@BeforeSuite setUp" time="0.0" classname="testCases.VerifyHomeLoginPage">
    <failure type="java.lang.NoClassDefFoundError" message="org/apache/xmlbeans/XmlObject">
      <![CDATA[java.lang.NoClassDefFoundError: org/apache/xmlbeans/XmlObject
	at utility.excel_reader.<init>(excel_reader.java:33)
	at testCases.BaseClass.setUp(BaseClass.java:24)
Caused by: java.lang.ClassNotFoundException: org.apache.xmlbeans.XmlObject
	at java.net.URLClassLoader$1.run(Unknown Source)
	at java.net.URLClassLoader$1.run(Unknown Source)
	at java.security.AccessController.doPrivileged(Native Method)
	at java.net.URLClassLoader.findClass(Unknown Source)
	at java.lang.ClassLoader.loadClass(Unknown Source)
	at sun.misc.Launcher$AppClassLoader.loadClass(Unknown Source)
	at java.lang.ClassLoader.loadClass(Unknown Source)
	... 20 more
... Removed 18 stack frames]]>
    </failure>
  </testcase> <!-- @BeforeSuite setUp -->
  <testcase name="@BeforeTest checkRunMode" time="0.0" classname="testCases.VerifyHomeLoginPage">
    <skipped/>
  </testcase> <!-- @BeforeTest checkRunMode -->
  <testcase name="testLogin" time="0.0" classname="testCases.VerifyHomeLoginPage">
    <skipped/>
  </testcase> <!-- testLogin -->
</testsuite> <!-- HomeLoginTest(failed) -->
